<?xml version="1.0" encoding="UTF-8"?>
<!-- Generated by org.testng.reporters.JUnitXMLReporter -->
<testsuite ignored="0" hostname="Venkatesh" failures="0" tests="8" name="Test" time="116.749" errors="0" timestamp="2024-04-19T11:45:47 IST">
  <testcase classname="testcases.TC011_LoginWithInvalidInputs_MobileNumberTest" name="LoginCredentials_EmailID" time="3.623"/>
  <testcase classname="testcases.TC011_LoginWithInvalidInputs_MobileNumberTest" name="LoginCredentials_EmailID" time="4.564"/>
  <testcase classname="testcases.TC011_LoginWithInvalidInputs_MobileNumberTest" name="LoginCredentials_EmailID" time="3.355"/>
  <testcase classname="testcases.TC011_LoginWithInvalidInputs_MobileNumberTest" name="LoginCredentials_EmailID" time="3.793"/>
  <testcase classname="testcases.TC012_LoginWithInvalidInputs_EmailIDTest" name="LoginCredentials_MobileNumber" time="3.982"/>
  <testcase classname="testcases.TC012_LoginWithInvalidInputs_EmailIDTest" name="LoginCredentials_MobileNumber" time="6.367"/>
  <testcase classname="testcases.TC012_LoginWithInvalidInputs_EmailIDTest" name="LoginCredentials_MobileNumber" time="4.177"/>
  <testcase classname="testcases.TC012_LoginWithInvalidInputs_EmailIDTest" name="LoginCredentials_MobileNumber" time="5.572"/>
</testsuite> <!-- Test -->
