<?xml version="1.0" encoding="UTF-8"?>
<!-- Generated by org.testng.reporters.JUnitXMLReporter -->
<testsuite ignored="0" hostname="Venkatesh" failures="0" tests="14" name="Test" time="373.611" errors="0" timestamp="2024-04-29T19:49:23 IST">
  <testcase classname="testcases.TC001_BrokenURLValidationTest" name="BrokenURLValidation" time="1.807"/>
  <testcase classname="testcases.TC002_SignupTest" name="SignupCredentials" time="12.461"/>
  <testcase classname="testcases.TC003_LoginTest" name="LoginCredential" time="18.286"/>
  <testcase classname="testcases.TC010_FieldValidationTest" name="FieldValidation" time="7.39"/>
  <testcase classname="testcases.OneTripTest" name="OneWayTrip" time="69.009"/>
  <testcase classname="testcases.RoundTripTest" name="RoundWayTrip" time="71.181"/>
  <testcase classname="testcases.TC011_LoginWithInvalidInputs_MobileNumberTest" name="LoginCredentials_MobileNumber" time="3.119"/>
  <testcase classname="testcases.TC011_LoginWithInvalidInputs_MobileNumberTest" name="LoginCredentials_MobileNumber" time="4.183"/>
  <testcase classname="testcases.TC011_LoginWithInvalidInputs_MobileNumberTest" name="LoginCredentials_MobileNumber" time="2.905"/>
  <testcase classname="testcases.TC011_LoginWithInvalidInputs_MobileNumberTest" name="LoginCredentials_MobileNumber" time="3.955"/>
  <testcase classname="testcases.TC012_LoginWithInvalidInputs_EmailIDTest" name="LoginCredentials_EmailID" time="3.67"/>
  <testcase classname="testcases.TC012_LoginWithInvalidInputs_EmailIDTest" name="LoginCredentials_EmailID" time="5.381"/>
  <testcase classname="testcases.TC012_LoginWithInvalidInputs_EmailIDTest" name="LoginCredentials_EmailID" time="3.354"/>
  <testcase classname="testcases.TC012_LoginWithInvalidInputs_EmailIDTest" name="LoginCredentials_EmailID" time="4.673"/>
</testsuite> <!-- Test -->
