<?xml version="1.0" encoding="UTF-8"?>
<!-- Generated by org.testng.reporters.JUnitXMLReporter -->
<testsuite ignored="0" hostname="Venkatesh" failures="0" tests="14" name="Test" time="391.899" errors="0" timestamp="2024-04-29T20:38:48 IST">
  <testcase classname="testcases.TC001_BrokenURLValidationTest" name="BrokenURLValidation" time="2.227"/>
  <testcase classname="testcases.TC002_SignupTest" name="SignupCredentials" time="6.896"/>
  <testcase classname="testcases.TC003_LoginTest" name="LoginCredential" time="17.801"/>
  <testcase classname="testcases.TC004_FieldValidationTest" name="FieldValidation" time="6.859"/>
  <testcase classname="testcases.TC005_OneTripTest" name="OneWayTrip" time="82.016"/>
  <testcase classname="testcases.TC006_RoundTripTest" name="RoundWayTrip" time="79.778"/>
  <testcase classname="testcases.TC007_LoginWithInvalidInputs_MobileNumberTest" name="LoginCredentials_MobileNumber" time="3.512"/>
  <testcase classname="testcases.TC007_LoginWithInvalidInputs_MobileNumberTest" name="LoginCredentials_MobileNumber" time="5.116"/>
  <testcase classname="testcases.TC007_LoginWithInvalidInputs_MobileNumberTest" name="LoginCredentials_MobileNumber" time="3.179"/>
  <testcase classname="testcases.TC007_LoginWithInvalidInputs_MobileNumberTest" name="LoginCredentials_MobileNumber" time="4.11"/>
  <testcase classname="testcases.TC008_LoginWithInvalidInputs_EmailIDTest" name="LoginCredentials_EmailID" time="4.31"/>
  <testcase classname="testcases.TC008_LoginWithInvalidInputs_EmailIDTest" name="LoginCredentials_EmailID" time="5.994"/>
  <testcase classname="testcases.TC008_LoginWithInvalidInputs_EmailIDTest" name="LoginCredentials_EmailID" time="3.279"/>
  <testcase classname="testcases.TC008_LoginWithInvalidInputs_EmailIDTest" name="LoginCredentials_EmailID" time="5.829"/>
</testsuite> <!-- Test -->
