<?xml version="1.0" encoding="UTF-8"?>
<!-- Generated by org.testng.reporters.JUnitXMLReporter -->
<testsuite ignored="12" hostname="Venkatesh" failures="0" tests="7" name="Test" time="126.043" errors="0" timestamp="2024-04-19T11:43:50 IST">
  <testcase classname="testcases.TC003_LoginTest" name="LoginCredential" time="32.276"/>
  <testcase classname="testcases.TC010_FieldValidationTest" name="fieldValidation" time="0.146"/>
  <testcase classname="testcases.TC005_FlightSearch_RoundTripTest" name="flightSearch_RoundTrip" time="3.035"/>
  <testcase classname="testcases.TC006_FlightSelectionTest" name="flightSelection" time="5.163"/>
  <testcase classname="testcases.TC007_PassengersDetailsTest" name="passengersDetails" time="33.746"/>
  <testcase classname="testcases.TC008_AddOnsTest" name="addOns" time="20.76"/>
  <testcase classname="testcases.TC009_PaymentTest" name="paymentPage" time="30.533"/>
  <testcase classname="base.ProjectSpecification" name="@BeforeSuite browserLaunch" time="0.0">
    <ignored/>
  </testcase> <!-- @BeforeSuite browserLaunch -->
  <testcase classname="base.ProjectSpecification" name="@AfterSuite closeBrowser" time="0.0">
    <ignored/>
  </testcase> <!-- @AfterSuite closeBrowser -->
  <testcase classname="base.ProjectSpecification" name="@BeforeSuite browserLaunch" time="0.0">
    <ignored/>
  </testcase> <!-- @BeforeSuite browserLaunch -->
  <testcase classname="base.ProjectSpecification" name="@AfterSuite closeBrowser" time="0.0">
    <ignored/>
  </testcase> <!-- @AfterSuite closeBrowser -->
  <testcase classname="base.ProjectSpecification" name="@AfterSuite closeBrowser" time="0.0">
    <ignored/>
  </testcase> <!-- @AfterSuite closeBrowser -->
  <testcase classname="base.ProjectSpecification" name="@AfterSuite closeBrowser" time="0.0">
    <ignored/>
  </testcase> <!-- @AfterSuite closeBrowser -->
  <testcase classname="base.ProjectSpecification" name="@BeforeSuite browserLaunch" time="0.0">
    <ignored/>
  </testcase> <!-- @BeforeSuite browserLaunch -->
  <testcase classname="base.ProjectSpecification" name="@BeforeSuite browserLaunch" time="0.0">
    <ignored/>
  </testcase> <!-- @BeforeSuite browserLaunch -->
  <testcase classname="base.ProjectSpecification" name="@AfterSuite closeBrowser" time="0.0">
    <ignored/>
  </testcase> <!-- @AfterSuite closeBrowser -->
  <testcase classname="base.ProjectSpecification" name="@BeforeSuite browserLaunch" time="0.0">
    <ignored/>
  </testcase> <!-- @BeforeSuite browserLaunch -->
  <testcase classname="base.ProjectSpecification" name="@BeforeSuite browserLaunch" time="0.0">
    <ignored/>
  </testcase> <!-- @BeforeSuite browserLaunch -->
  <testcase classname="base.ProjectSpecification" name="@AfterSuite closeBrowser" time="0.0">
    <ignored/>
  </testcase> <!-- @AfterSuite closeBrowser -->
</testsuite> <!-- Test -->
