<?xml version="1.0" encoding="UTF-8"?>
<testng-results ignored="0" total="14" passed="14" failed="0" skipped="0">
  <reporter-output>
  </reporter-output>
  <suite started-at="2024-04-29T19:43:09 IST" name="Suite" finished-at="2024-04-29T19:49:22 IST" duration-ms="373611">
    <groups>
    </groups>
    <test started-at="2024-04-29T19:43:09 IST" name="Test" finished-at="2024-04-29T19:49:22 IST" duration-ms="373611">
      <class name="testcases.TC010_FieldValidationTest">
        <test-method is-config="true" signature="setup()[pri:0, instance:testcases.TC010_FieldValidationTest@2ad48653]" started-at="2024-04-29T19:43:09 IST" name="setup" finished-at="2024-04-29T19:43:09 IST" duration-ms="0" status="PASS">
          <reporter-output>
          </reporter-output>
        </test-method> <!-- setup -->
        <test-method is-config="true" signature="browserLaunch(java.lang.String,java.lang.String)[pri:0, instance:testcases.TC010_FieldValidationTest@2ad48653]" started-at="2024-04-29T19:44:22 IST" name="browserLaunch" finished-at="2024-04-29T19:44:32 IST" duration-ms="10072" status="PASS">
          <params>
            <param index="0">
              <value>
                <![CDATA[chrome]]>
              </value>
            </param>
            <param index="1">
              <value>
                <![CDATA[https://www.spicejet.com/]]>
              </value>
            </param>
          </params>
          <reporter-output>
          </reporter-output>
        </test-method> <!-- browserLaunch -->
        <test-method signature="FieldValidation(java.lang.String,java.lang.String,java.lang.String,java.lang.String,java.lang.String)[pri:0, instance:testcases.TC010_FieldValidationTest@2ad48653]" started-at="2024-04-29T19:44:32 IST" name="FieldValidation" data-provider="getData" finished-at="2024-04-29T19:44:39 IST" duration-ms="7390" status="PASS">
          <params>
            <param index="0">
              <value>
                <![CDATA[8310047124]]>
              </value>
            </param>
            <param index="1">
              <value>
                <![CDATA[Pass$123]]>
              </value>
            </param>
            <param index="2">
              <value>
                <![CDATA[jmvenkatesh06@gmail.com]]>
              </value>
            </param>
            <param index="3">
              <value>
                <![CDATA[BENGALURU]]>
              </value>
            </param>
            <param index="4">
              <value>
                <![CDATA[DELHI]]>
              </value>
            </param>
          </params>
          <reporter-output>
          </reporter-output>
        </test-method> <!-- FieldValidation -->
        <test-method is-config="true" signature="closeBrowser()[pri:0, instance:testcases.TC010_FieldValidationTest@2ad48653]" started-at="2024-04-29T19:44:39 IST" name="closeBrowser" finished-at="2024-04-29T19:44:40 IST" duration-ms="748" status="PASS">
          <reporter-output>
          </reporter-output>
        </test-method> <!-- closeBrowser -->
      </class> <!-- testcases.TC010_FieldValidationTest -->
      <class name="testcases.OneTripTest">
        <test-method is-config="true" signature="setup()[pri:0, instance:testcases.OneTripTest@6bb4dd34]" started-at="2024-04-29T19:43:09 IST" name="setup" finished-at="2024-04-29T19:43:09 IST" duration-ms="23" status="PASS">
          <reporter-output>
          </reporter-output>
        </test-method> <!-- setup -->
        <test-method is-config="true" signature="browserLaunch(java.lang.String,java.lang.String)[pri:0, instance:testcases.OneTripTest@6bb4dd34]" started-at="2024-04-29T19:44:40 IST" name="browserLaunch" finished-at="2024-04-29T19:44:50 IST" duration-ms="10228" status="PASS">
          <params>
            <param index="0">
              <value>
                <![CDATA[chrome]]>
              </value>
            </param>
            <param index="1">
              <value>
                <![CDATA[https://www.spicejet.com/]]>
              </value>
            </param>
          </params>
          <reporter-output>
          </reporter-output>
        </test-method> <!-- browserLaunch -->
        <test-method signature="OneWayTrip(java.lang.String,java.lang.String,java.lang.String,java.lang.String,java.lang.String)[pri:0, instance:testcases.OneTripTest@6bb4dd34]" started-at="2024-04-29T19:44:50 IST" name="OneWayTrip" data-provider="getData" finished-at="2024-04-29T19:45:59 IST" duration-ms="69009" status="PASS">
          <params>
            <param index="0">
              <value>
                <![CDATA[8310047124]]>
              </value>
            </param>
            <param index="1">
              <value>
                <![CDATA[Pass$123]]>
              </value>
            </param>
            <param index="2">
              <value>
                <![CDATA[jmvenkatesh06@gmail.com]]>
              </value>
            </param>
            <param index="3">
              <value>
                <![CDATA[BENGALURU]]>
              </value>
            </param>
            <param index="4">
              <value>
                <![CDATA[DELHI]]>
              </value>
            </param>
          </params>
          <reporter-output>
          </reporter-output>
        </test-method> <!-- OneWayTrip -->
        <test-method is-config="true" signature="closeBrowser()[pri:0, instance:testcases.OneTripTest@6bb4dd34]" started-at="2024-04-29T19:45:59 IST" name="closeBrowser" finished-at="2024-04-29T19:46:00 IST" duration-ms="747" status="PASS">
          <reporter-output>
          </reporter-output>
        </test-method> <!-- closeBrowser -->
      </class> <!-- testcases.OneTripTest -->
      <class name="testcases.TC012_LoginWithInvalidInputs_EmailIDTest">
        <test-method is-config="true" signature="setup()[pri:0, instance:testcases.TC012_LoginWithInvalidInputs_EmailIDTest@4b8729ff]" started-at="2024-04-29T19:43:09 IST" name="setup" finished-at="2024-04-29T19:43:09 IST" duration-ms="2" status="PASS">
          <reporter-output>
          </reporter-output>
        </test-method> <!-- setup -->
        <test-method is-config="true" signature="browserLaunch(java.lang.String,java.lang.String)[pri:0, instance:testcases.TC012_LoginWithInvalidInputs_EmailIDTest@4b8729ff]" started-at="2024-04-29T19:48:20 IST" name="browserLaunch" finished-at="2024-04-29T19:48:31 IST" duration-ms="10485" status="PASS">
          <params>
            <param index="0">
              <value>
                <![CDATA[chrome]]>
              </value>
            </param>
            <param index="1">
              <value>
                <![CDATA[https://www.spicejet.com/]]>
              </value>
            </param>
          </params>
          <reporter-output>
          </reporter-output>
        </test-method> <!-- browserLaunch -->
        <test-method signature="LoginCredentials_EmailID(java.lang.String,java.lang.String,java.lang.String)[pri:1, instance:testcases.TC012_LoginWithInvalidInputs_EmailIDTest@4b8729ff]" started-at="2024-04-29T19:48:31 IST" name="LoginCredentials_EmailID" data-provider="getData" finished-at="2024-04-29T19:48:35 IST" duration-ms="3670" status="PASS">
          <params>
            <param index="0">
              <value>
                <![CDATA[InvalidEmailID]]>
              </value>
            </param>
            <param index="1">
              <value>
                <![CDATA[jmvenkatesh06gmail.com]]>
              </value>
            </param>
            <param index="2">
              <value>
                <![CDATA[Pass$123]]>
              </value>
            </param>
          </params>
          <reporter-output>
          </reporter-output>
        </test-method> <!-- LoginCredentials_EmailID -->
        <test-method is-config="true" signature="closeBrowser()[pri:0, instance:testcases.TC012_LoginWithInvalidInputs_EmailIDTest@4b8729ff]" started-at="2024-04-29T19:48:35 IST" name="closeBrowser" finished-at="2024-04-29T19:48:35 IST" duration-ms="588" status="PASS">
          <reporter-output>
          </reporter-output>
        </test-method> <!-- closeBrowser -->
        <test-method is-config="true" signature="browserLaunch(java.lang.String,java.lang.String)[pri:0, instance:testcases.TC012_LoginWithInvalidInputs_EmailIDTest@4b8729ff]" started-at="2024-04-29T19:48:35 IST" name="browserLaunch" finished-at="2024-04-29T19:48:46 IST" duration-ms="10869" status="PASS">
          <params>
            <param index="0">
              <value>
                <![CDATA[chrome]]>
              </value>
            </param>
            <param index="1">
              <value>
                <![CDATA[https://www.spicejet.com/]]>
              </value>
            </param>
          </params>
          <reporter-output>
          </reporter-output>
        </test-method> <!-- browserLaunch -->
        <test-method signature="LoginCredentials_EmailID(java.lang.String,java.lang.String,java.lang.String)[pri:1, instance:testcases.TC012_LoginWithInvalidInputs_EmailIDTest@4b8729ff]" started-at="2024-04-29T19:48:46 IST" name="LoginCredentials_EmailID" data-provider="getData" finished-at="2024-04-29T19:48:51 IST" duration-ms="5381" status="PASS">
          <params>
            <param index="0">
              <value>
                <![CDATA[InvalidPassword]]>
              </value>
            </param>
            <param index="1">
              <value>
                <![CDATA[jmvenkatesh06@gmail.com]]>
              </value>
            </param>
            <param index="2">
              <value>
                <![CDATA[Pass123]]>
              </value>
            </param>
          </params>
          <reporter-output>
          </reporter-output>
        </test-method> <!-- LoginCredentials_EmailID -->
        <test-method is-config="true" signature="closeBrowser()[pri:0, instance:testcases.TC012_LoginWithInvalidInputs_EmailIDTest@4b8729ff]" started-at="2024-04-29T19:48:51 IST" name="closeBrowser" finished-at="2024-04-29T19:48:52 IST" duration-ms="627" status="PASS">
          <reporter-output>
          </reporter-output>
        </test-method> <!-- closeBrowser -->
        <test-method is-config="true" signature="browserLaunch(java.lang.String,java.lang.String)[pri:0, instance:testcases.TC012_LoginWithInvalidInputs_EmailIDTest@4b8729ff]" started-at="2024-04-29T19:48:52 IST" name="browserLaunch" finished-at="2024-04-29T19:49:03 IST" duration-ms="10726" status="PASS">
          <params>
            <param index="0">
              <value>
                <![CDATA[chrome]]>
              </value>
            </param>
            <param index="1">
              <value>
                <![CDATA[https://www.spicejet.com/]]>
              </value>
            </param>
          </params>
          <reporter-output>
          </reporter-output>
        </test-method> <!-- browserLaunch -->
        <test-method signature="LoginCredentials_EmailID(java.lang.String,java.lang.String,java.lang.String)[pri:1, instance:testcases.TC012_LoginWithInvalidInputs_EmailIDTest@4b8729ff]" started-at="2024-04-29T19:49:03 IST" name="LoginCredentials_EmailID" data-provider="getData" finished-at="2024-04-29T19:49:06 IST" duration-ms="3354" status="PASS">
          <params>
            <param index="0">
              <value>
                <![CDATA[EmptyEmailID]]>
              </value>
            </param>
            <param index="1">
              <value>
                <![CDATA[`]]>
              </value>
            </param>
            <param index="2">
              <value>
                <![CDATA[Pass$123]]>
              </value>
            </param>
          </params>
          <reporter-output>
          </reporter-output>
        </test-method> <!-- LoginCredentials_EmailID -->
        <test-method is-config="true" signature="closeBrowser()[pri:0, instance:testcases.TC012_LoginWithInvalidInputs_EmailIDTest@4b8729ff]" started-at="2024-04-29T19:49:06 IST" name="closeBrowser" finished-at="2024-04-29T19:49:07 IST" duration-ms="549" status="PASS">
          <reporter-output>
          </reporter-output>
        </test-method> <!-- closeBrowser -->
        <test-method is-config="true" signature="browserLaunch(java.lang.String,java.lang.String)[pri:0, instance:testcases.TC012_LoginWithInvalidInputs_EmailIDTest@4b8729ff]" started-at="2024-04-29T19:49:07 IST" name="browserLaunch" finished-at="2024-04-29T19:49:17 IST" duration-ms="10403" status="PASS">
          <params>
            <param index="0">
              <value>
                <![CDATA[chrome]]>
              </value>
            </param>
            <param index="1">
              <value>
                <![CDATA[https://www.spicejet.com/]]>
              </value>
            </param>
          </params>
          <reporter-output>
          </reporter-output>
        </test-method> <!-- browserLaunch -->
        <test-method signature="LoginCredentials_EmailID(java.lang.String,java.lang.String,java.lang.String)[pri:1, instance:testcases.TC012_LoginWithInvalidInputs_EmailIDTest@4b8729ff]" started-at="2024-04-29T19:49:17 IST" name="LoginCredentials_EmailID" data-provider="getData" finished-at="2024-04-29T19:49:22 IST" duration-ms="4673" status="PASS">
          <params>
            <param index="0">
              <value>
                <![CDATA[EmptyPassword]]>
              </value>
            </param>
            <param index="1">
              <value>
                <![CDATA[jmvenkatesh06@gmail.com]]>
              </value>
            </param>
            <param index="2">
              <value>
                <![CDATA[`]]>
              </value>
            </param>
          </params>
          <reporter-output>
          </reporter-output>
        </test-method> <!-- LoginCredentials_EmailID -->
        <test-method is-config="true" signature="closeBrowser()[pri:0, instance:testcases.TC012_LoginWithInvalidInputs_EmailIDTest@4b8729ff]" started-at="2024-04-29T19:49:22 IST" name="closeBrowser" finished-at="2024-04-29T19:49:22 IST" duration-ms="561" status="PASS">
          <reporter-output>
          </reporter-output>
        </test-method> <!-- closeBrowser -->
      </class> <!-- testcases.TC012_LoginWithInvalidInputs_EmailIDTest -->
      <class name="testcases.RoundTripTest">
        <test-method is-config="true" signature="setup()[pri:0, instance:testcases.RoundTripTest@7d9f158f]" started-at="2024-04-29T19:43:09 IST" name="setup" finished-at="2024-04-29T19:43:09 IST" duration-ms="1" status="PASS">
          <reporter-output>
          </reporter-output>
        </test-method> <!-- setup -->
        <test-method is-config="true" signature="browserLaunch(java.lang.String,java.lang.String)[pri:0, instance:testcases.RoundTripTest@7d9f158f]" started-at="2024-04-29T19:46:00 IST" name="browserLaunch" finished-at="2024-04-29T19:46:10 IST" duration-ms="10264" status="PASS">
          <params>
            <param index="0">
              <value>
                <![CDATA[chrome]]>
              </value>
            </param>
            <param index="1">
              <value>
                <![CDATA[https://www.spicejet.com/]]>
              </value>
            </param>
          </params>
          <reporter-output>
          </reporter-output>
        </test-method> <!-- browserLaunch -->
        <test-method signature="RoundWayTrip(java.lang.String,java.lang.String,java.lang.String,java.lang.String,java.lang.String)[pri:0, instance:testcases.RoundTripTest@7d9f158f]" started-at="2024-04-29T19:46:10 IST" name="RoundWayTrip" data-provider="getData" finished-at="2024-04-29T19:47:22 IST" duration-ms="71181" status="PASS">
          <params>
            <param index="0">
              <value>
                <![CDATA[8310047124]]>
              </value>
            </param>
            <param index="1">
              <value>
                <![CDATA[Pass$123]]>
              </value>
            </param>
            <param index="2">
              <value>
                <![CDATA[jmvenkatesh06@gmail.com]]>
              </value>
            </param>
            <param index="3">
              <value>
                <![CDATA[BENGALURU]]>
              </value>
            </param>
            <param index="4">
              <value>
                <![CDATA[DELHI]]>
              </value>
            </param>
          </params>
          <reporter-output>
          </reporter-output>
        </test-method> <!-- RoundWayTrip -->
        <test-method is-config="true" signature="closeBrowser()[pri:0, instance:testcases.RoundTripTest@7d9f158f]" started-at="2024-04-29T19:47:22 IST" name="closeBrowser" finished-at="2024-04-29T19:47:22 IST" duration-ms="910" status="PASS">
          <reporter-output>
          </reporter-output>
        </test-method> <!-- closeBrowser -->
      </class> <!-- testcases.RoundTripTest -->
      <class name="testcases.TC001_BrokenURLValidationTest">
        <test-method is-config="true" signature="browserLaunch(java.lang.String,java.lang.String)[pri:0, instance:testcases.TC001_BrokenURLValidationTest@7486b455]" started-at="2024-04-29T19:43:09 IST" name="browserLaunch" finished-at="2024-04-29T19:43:23 IST" duration-ms="14741" status="PASS">
          <params>
            <param index="0">
              <value>
                <![CDATA[chrome]]>
              </value>
            </param>
            <param index="1">
              <value>
                <![CDATA[https://www.spicejet.com/]]>
              </value>
            </param>
          </params>
          <reporter-output>
          </reporter-output>
        </test-method> <!-- browserLaunch -->
        <test-method signature="BrokenURLValidation(java.lang.String)[pri:0, instance:testcases.TC001_BrokenURLValidationTest@7486b455]" started-at="2024-04-29T19:43:23 IST" name="BrokenURLValidation" finished-at="2024-04-29T19:43:25 IST" duration-ms="1807" status="PASS">
          <params>
            <param index="0">
              <value>
                <![CDATA[https://www.spicejet.com/]]>
              </value>
            </param>
          </params>
          <reporter-output>
          </reporter-output>
        </test-method> <!-- BrokenURLValidation -->
        <test-method is-config="true" signature="closeBrowser()[pri:0, instance:testcases.TC001_BrokenURLValidationTest@7486b455]" started-at="2024-04-29T19:43:25 IST" name="closeBrowser" finished-at="2024-04-29T19:43:26 IST" duration-ms="595" status="PASS">
          <reporter-output>
          </reporter-output>
        </test-method> <!-- closeBrowser -->
      </class> <!-- testcases.TC001_BrokenURLValidationTest -->
      <class name="testcases.TC011_LoginWithInvalidInputs_MobileNumberTest">
        <test-method is-config="true" signature="setup()[pri:0, instance:testcases.TC011_LoginWithInvalidInputs_MobileNumberTest@45efd90f]" started-at="2024-04-29T19:43:09 IST" name="setup" finished-at="2024-04-29T19:43:09 IST" duration-ms="1" status="PASS">
          <reporter-output>
          </reporter-output>
        </test-method> <!-- setup -->
        <test-method is-config="true" signature="browserLaunch(java.lang.String,java.lang.String)[pri:0, instance:testcases.TC011_LoginWithInvalidInputs_MobileNumberTest@45efd90f]" started-at="2024-04-29T19:47:23 IST" name="browserLaunch" finished-at="2024-04-29T19:47:33 IST" duration-ms="10607" status="PASS">
          <params>
            <param index="0">
              <value>
                <![CDATA[chrome]]>
              </value>
            </param>
            <param index="1">
              <value>
                <![CDATA[https://www.spicejet.com/]]>
              </value>
            </param>
          </params>
          <reporter-output>
          </reporter-output>
        </test-method> <!-- browserLaunch -->
        <test-method signature="LoginCredentials_MobileNumber(java.lang.String,java.lang.String,java.lang.String)[pri:1, instance:testcases.TC011_LoginWithInvalidInputs_MobileNumberTest@45efd90f]" started-at="2024-04-29T19:47:33 IST" name="LoginCredentials_MobileNumber" data-provider="getData" finished-at="2024-04-29T19:47:36 IST" duration-ms="3119" status="PASS">
          <params>
            <param index="0">
              <value>
                <![CDATA[InvalidMobileNumber]]>
              </value>
            </param>
            <param index="1">
              <value>
                <![CDATA[831004712]]>
              </value>
            </param>
            <param index="2">
              <value>
                <![CDATA[Pass$123]]>
              </value>
            </param>
          </params>
          <reporter-output>
          </reporter-output>
        </test-method> <!-- LoginCredentials_MobileNumber -->
        <test-method is-config="true" signature="closeBrowser()[pri:0, instance:testcases.TC011_LoginWithInvalidInputs_MobileNumberTest@45efd90f]" started-at="2024-04-29T19:47:36 IST" name="closeBrowser" finished-at="2024-04-29T19:47:37 IST" duration-ms="548" status="PASS">
          <reporter-output>
          </reporter-output>
        </test-method> <!-- closeBrowser -->
        <test-method is-config="true" signature="browserLaunch(java.lang.String,java.lang.String)[pri:0, instance:testcases.TC011_LoginWithInvalidInputs_MobileNumberTest@45efd90f]" started-at="2024-04-29T19:47:37 IST" name="browserLaunch" finished-at="2024-04-29T19:47:47 IST" duration-ms="9640" status="PASS">
          <params>
            <param index="0">
              <value>
                <![CDATA[chrome]]>
              </value>
            </param>
            <param index="1">
              <value>
                <![CDATA[https://www.spicejet.com/]]>
              </value>
            </param>
          </params>
          <reporter-output>
          </reporter-output>
        </test-method> <!-- browserLaunch -->
        <test-method signature="LoginCredentials_MobileNumber(java.lang.String,java.lang.String,java.lang.String)[pri:1, instance:testcases.TC011_LoginWithInvalidInputs_MobileNumberTest@45efd90f]" started-at="2024-04-29T19:47:47 IST" name="LoginCredentials_MobileNumber" data-provider="getData" finished-at="2024-04-29T19:47:51 IST" duration-ms="4183" status="PASS">
          <params>
            <param index="0">
              <value>
                <![CDATA[InvalidPassword]]>
              </value>
            </param>
            <param index="1">
              <value>
                <![CDATA[8310047124]]>
              </value>
            </param>
            <param index="2">
              <value>
                <![CDATA[Pass123]]>
              </value>
            </param>
          </params>
          <reporter-output>
          </reporter-output>
        </test-method> <!-- LoginCredentials_MobileNumber -->
        <test-method is-config="true" signature="closeBrowser()[pri:0, instance:testcases.TC011_LoginWithInvalidInputs_MobileNumberTest@45efd90f]" started-at="2024-04-29T19:47:51 IST" name="closeBrowser" finished-at="2024-04-29T19:47:51 IST" duration-ms="558" status="PASS">
          <reporter-output>
          </reporter-output>
        </test-method> <!-- closeBrowser -->
        <test-method is-config="true" signature="browserLaunch(java.lang.String,java.lang.String)[pri:0, instance:testcases.TC011_LoginWithInvalidInputs_MobileNumberTest@45efd90f]" started-at="2024-04-29T19:47:51 IST" name="browserLaunch" finished-at="2024-04-29T19:48:02 IST" duration-ms="10440" status="PASS">
          <params>
            <param index="0">
              <value>
                <![CDATA[chrome]]>
              </value>
            </param>
            <param index="1">
              <value>
                <![CDATA[https://www.spicejet.com/]]>
              </value>
            </param>
          </params>
          <reporter-output>
          </reporter-output>
        </test-method> <!-- browserLaunch -->
        <test-method signature="LoginCredentials_MobileNumber(java.lang.String,java.lang.String,java.lang.String)[pri:1, instance:testcases.TC011_LoginWithInvalidInputs_MobileNumberTest@45efd90f]" started-at="2024-04-29T19:48:02 IST" name="LoginCredentials_MobileNumber" data-provider="getData" finished-at="2024-04-29T19:48:05 IST" duration-ms="2905" status="PASS">
          <params>
            <param index="0">
              <value>
                <![CDATA[EmptyMobileNumber]]>
              </value>
            </param>
            <param index="1">
              <value>
                <![CDATA[`]]>
              </value>
            </param>
            <param index="2">
              <value>
                <![CDATA[Pass$123]]>
              </value>
            </param>
          </params>
          <reporter-output>
          </reporter-output>
        </test-method> <!-- LoginCredentials_MobileNumber -->
        <test-method is-config="true" signature="closeBrowser()[pri:0, instance:testcases.TC011_LoginWithInvalidInputs_MobileNumberTest@45efd90f]" started-at="2024-04-29T19:48:05 IST" name="closeBrowser" finished-at="2024-04-29T19:48:05 IST" duration-ms="553" status="PASS">
          <reporter-output>
          </reporter-output>
        </test-method> <!-- closeBrowser -->
        <test-method is-config="true" signature="browserLaunch(java.lang.String,java.lang.String)[pri:0, instance:testcases.TC011_LoginWithInvalidInputs_MobileNumberTest@45efd90f]" started-at="2024-04-29T19:48:05 IST" name="browserLaunch" finished-at="2024-04-29T19:48:16 IST" duration-ms="10587" status="PASS">
          <params>
            <param index="0">
              <value>
                <![CDATA[chrome]]>
              </value>
            </param>
            <param index="1">
              <value>
                <![CDATA[https://www.spicejet.com/]]>
              </value>
            </param>
          </params>
          <reporter-output>
          </reporter-output>
        </test-method> <!-- browserLaunch -->
        <test-method signature="LoginCredentials_MobileNumber(java.lang.String,java.lang.String,java.lang.String)[pri:1, instance:testcases.TC011_LoginWithInvalidInputs_MobileNumberTest@45efd90f]" started-at="2024-04-29T19:48:16 IST" name="LoginCredentials_MobileNumber" data-provider="getData" finished-at="2024-04-29T19:48:20 IST" duration-ms="3955" status="PASS">
          <params>
            <param index="0">
              <value>
                <![CDATA[EmptyPassword]]>
              </value>
            </param>
            <param index="1">
              <value>
                <![CDATA[8310047124]]>
              </value>
            </param>
            <param index="2">
              <value>
                <![CDATA[`]]>
              </value>
            </param>
          </params>
          <reporter-output>
          </reporter-output>
        </test-method> <!-- LoginCredentials_MobileNumber -->
        <test-method is-config="true" signature="closeBrowser()[pri:0, instance:testcases.TC011_LoginWithInvalidInputs_MobileNumberTest@45efd90f]" started-at="2024-04-29T19:48:20 IST" name="closeBrowser" finished-at="2024-04-29T19:48:20 IST" duration-ms="551" status="PASS">
          <reporter-output>
          </reporter-output>
        </test-method> <!-- closeBrowser -->
      </class> <!-- testcases.TC011_LoginWithInvalidInputs_MobileNumberTest -->
      <class name="testcases.TC003_LoginTest">
        <test-method is-config="true" signature="setup()[pri:0, instance:testcases.TC003_LoginTest@32115b28]" started-at="2024-04-29T19:43:09 IST" name="setup" finished-at="2024-04-29T19:43:09 IST" duration-ms="0" status="PASS">
          <reporter-output>
          </reporter-output>
        </test-method> <!-- setup -->
        <test-method is-config="true" signature="browserLaunch(java.lang.String,java.lang.String)[pri:0, instance:testcases.TC003_LoginTest@32115b28]" started-at="2024-04-29T19:43:52 IST" name="browserLaunch" finished-at="2024-04-29T19:44:03 IST" duration-ms="11081" status="PASS">
          <params>
            <param index="0">
              <value>
                <![CDATA[chrome]]>
              </value>
            </param>
            <param index="1">
              <value>
                <![CDATA[https://www.spicejet.com/]]>
              </value>
            </param>
          </params>
          <reporter-output>
          </reporter-output>
        </test-method> <!-- browserLaunch -->
        <test-method signature="LoginCredential(java.lang.String,java.lang.String,java.lang.String,java.lang.String,java.lang.String)[pri:0, instance:testcases.TC003_LoginTest@32115b28]" started-at="2024-04-29T19:44:03 IST" name="LoginCredential" data-provider="getData" finished-at="2024-04-29T19:44:21 IST" duration-ms="18286" status="PASS">
          <params>
            <param index="0">
              <value>
                <![CDATA[8310047124]]>
              </value>
            </param>
            <param index="1">
              <value>
                <![CDATA[Pass$123]]>
              </value>
            </param>
            <param index="2">
              <value>
                <![CDATA[jmvenkatesh06@gmail.com]]>
              </value>
            </param>
            <param index="3">
              <value>
                <![CDATA[BENGALURU]]>
              </value>
            </param>
            <param index="4">
              <value>
                <![CDATA[DELHI]]>
              </value>
            </param>
          </params>
          <reporter-output>
          </reporter-output>
        </test-method> <!-- LoginCredential -->
        <test-method is-config="true" signature="closeBrowser()[pri:0, instance:testcases.TC003_LoginTest@32115b28]" started-at="2024-04-29T19:44:21 IST" name="closeBrowser" finished-at="2024-04-29T19:44:22 IST" duration-ms="629" status="PASS">
          <reporter-output>
          </reporter-output>
        </test-method> <!-- closeBrowser -->
      </class> <!-- testcases.TC003_LoginTest -->
      <class name="testcases.TC002_SignupTest">
        <test-method is-config="true" signature="setup()[pri:0, instance:testcases.TC002_SignupTest@5038d0b5]" started-at="2024-04-29T19:43:09 IST" name="setup" finished-at="2024-04-29T19:43:09 IST" duration-ms="1" status="PASS">
          <reporter-output>
          </reporter-output>
        </test-method> <!-- setup -->
        <test-method is-config="true" signature="browserLaunch(java.lang.String,java.lang.String)[pri:0, instance:testcases.TC002_SignupTest@5038d0b5]" started-at="2024-04-29T19:43:27 IST" name="browserLaunch" finished-at="2024-04-29T19:43:38 IST" duration-ms="11001" status="PASS">
          <params>
            <param index="0">
              <value>
                <![CDATA[chrome]]>
              </value>
            </param>
            <param index="1">
              <value>
                <![CDATA[https://www.spicejet.com/]]>
              </value>
            </param>
          </params>
          <reporter-output>
          </reporter-output>
        </test-method> <!-- browserLaunch -->
        <test-method signature="SignupCredentials(java.lang.String,java.lang.String,java.lang.String,java.lang.String,java.lang.String,java.lang.String,java.lang.String,java.lang.String,java.lang.String,java.lang.String)[pri:0, instance:testcases.TC002_SignupTest@5038d0b5]" started-at="2024-04-29T19:43:38 IST" name="SignupCredentials" data-provider="getData" finished-at="2024-04-29T19:43:51 IST" duration-ms="12461" status="PASS">
          <params>
            <param index="0">
              <value>
                <![CDATA[Mr]]>
              </value>
            </param>
            <param index="1">
              <value>
                <![CDATA[Tharun]]>
              </value>
            </param>
            <param index="2">
              <value>
                <![CDATA[JM]]>
              </value>
            </param>
            <param index="3">
              <value>
                <![CDATA[IN]]>
              </value>
            </param>
            <param index="4">
              <value>
                <![CDATA[3]]>
              </value>
            </param>
            <param index="5">
              <value>
                <![CDATA[2006]]>
              </value>
            </param>
            <param index="6">
              <value>
                <![CDATA[8310047124]]>
              </value>
            </param>
            <param index="7">
              <value>
                <![CDATA[jmvenkatesh06@gmail.com]]>
              </value>
            </param>
            <param index="8">
              <value>
                <![CDATA[Pass$123]]>
              </value>
            </param>
            <param index="9">
              <value>
                <![CDATA[Pass$123]]>
              </value>
            </param>
          </params>
          <reporter-output>
          </reporter-output>
        </test-method> <!-- SignupCredentials -->
        <test-method is-config="true" signature="closeBrowser()[pri:0, instance:testcases.TC002_SignupTest@5038d0b5]" started-at="2024-04-29T19:43:51 IST" name="closeBrowser" finished-at="2024-04-29T19:43:52 IST" duration-ms="703" status="PASS">
          <reporter-output>
          </reporter-output>
        </test-method> <!-- closeBrowser -->
      </class> <!-- testcases.TC002_SignupTest -->
    </test> <!-- Test -->
  </suite> <!-- Suite -->
</testng-results>
